0 info it worked if it ends with ok
1 verbose cli [
1 verbose cli   '/home/ec2-user/.nvm/versions/node/v13.3.0/bin/node',
1 verbose cli   '/home/ec2-user/.nvm/versions/node/v13.3.0/bin/npm',
1 verbose cli   'run',
1 verbose cli   'start'
1 verbose cli ]
2 info using npm@6.13.1
3 info using node@v13.3.0
4 verbose config Skipping project config: /home/ec2-user/.npmrc. (matches userconfig)
5 verbose stack Error: ENOENT: no such file or directory, open '/home/ec2-user/package.json'
6 verbose cwd /home/ec2-user
7 verbose Linux 4.18.0-80.4.2.el8_0.x86_64
8 verbose argv "/home/ec2-user/.nvm/versions/node/v13.3.0/bin/node" "/home/ec2-user/.nvm/versions/node/v13.3.0/bin/npm" "run" "start"
9 verbose node v13.3.0
10 verbose npm  v6.13.1
11 error code ENOENT
12 error syscall open
13 error path /home/ec2-user/package.json
14 error errno -2
15 error enoent ENOENT: no such file or directory, open '/home/ec2-user/package.json'
16 error enoent This is related to npm not being able to find a file.
17 verbose exit [ -2, true ]
